<?xml version="1.0" encoding="UTF-8"?>
<!-- Generated by org.testng.reporters.JUnitReportReporter -->
<testsuite skipped="0" hostname="ARANJAN-LTW7" name="com.testcase.all.LoggingWithLog4" tests="1" failures="0" timestamp="11 Apr 2018 04:53:33 GMT" time="0.013" errors="0">
  <testcase name="testMethod" time="0.013" classname="com.testcase.all.LoggingWithLog4"/>
</testsuite> <!-- com.testcase.all.LoggingWithLog4 -->
