<?xml version="1.0" encoding="UTF-8"?>
<!-- Generated by org.testng.reporters.JUnitReportReporter -->
<testsuite skipped="0" hostname="ARANJAN-LTW7" name="com.testcase.alertbox.ConfirmationBox" tests="1" failures="0" timestamp="27 Jun 2018 05:33:53 GMT" time="9.909" errors="0">
  <testcase name="f" time="9.909" classname="com.testcase.alertbox.ConfirmationBox"/>
</testsuite> <!-- com.testcase.alertbox.ConfirmationBox -->
