<?xml version="1.0" encoding="UTF-8"?>
<!-- Generated by org.testng.reporters.JUnitReportReporter -->
<testsuite skipped="0" hostname="ARANJAN-LTW7" name="com.testcase.all.DataListFilter" tests="1" failures="0" timestamp="01 Jun 2018 10:44:44 GMT" time="22.869" errors="0">
  <testcase name="f" time="22.869" classname="com.testcase.all.DataListFilter"/>
</testsuite> <!-- com.testcase.all.DataListFilter -->
