<?xml version="1.0" encoding="UTF-8"?>
<!-- Generated by org.testng.reporters.JUnitReportReporter -->
<testsuite skipped="0" hostname="ARANJAN-LTW7" name="com.the_internet_herokuapp.testcase.JavaScript_Alerts" tests="1" failures="0" timestamp="10 Jun 2018 16:19:17 GMT" time="21.504" errors="0">
  <testcase name="verifyAllalert" time="21.504" classname="com.the_internet_herokuapp.testcase.JavaScript_Alerts"/>
</testsuite> <!-- com.the_internet_herokuapp.testcase.JavaScript_Alerts -->
