<?xml version="1.0" encoding="UTF-8"?>
<!-- Generated by org.testng.reporters.JUnitReportReporter -->
<testsuite skipped="0" hostname="ARANJAN-LTW7" name="com.testcase.all.ParallelTestRun" tests="2" failures="0" timestamp="17 Apr 2018 05:02:22 GMT" time="34.220" errors="0">
  <testcase name="getFirefox" time="17.121" classname="com.testcase.all.ParallelTestRun"/>
  <testcase name="getChorme" time="17.099" classname="com.testcase.all.ParallelTestRun"/>
</testsuite> <!-- com.testcase.all.ParallelTestRun -->
