<?xml version="1.0" encoding="UTF-8"?>
<!-- Generated by org.testng.reporters.JUnitReportReporter -->
<testsuite skipped="0" hostname="ARANJAN-LTW7" name="com.framework.datadriven.ParameterPassFromtestng_xmlFile" tests="2" failures="0" timestamp="16 Apr 2018 10:46:21 GMT" time="0.012" errors="0">
  <testcase name="testCaseOne" time="0.010" classname="com.framework.datadriven.ParameterPassFromtestng_xmlFile"/>
  <testcase name="testCaseTwo" time="0.002" classname="com.framework.datadriven.ParameterPassFromtestng_xmlFile"/>
</testsuite> <!-- com.framework.datadriven.ParameterPassFromtestng_xmlFile -->
