<?xml version="1.0" encoding="UTF-8"?>
<!-- Generated by org.testng.reporters.JUnitReportReporter -->
<testsuite skipped="0" hostname="ARANJAN-LTW7" name="com.the_internet_herokuapp.testcase.Key_Presses" tests="1" failures="0" timestamp="30 Mar 2018 04:29:02 GMT" time="7.625" errors="0">
  <testcase name="f" time="7.625" classname="com.the_internet_herokuapp.testcase.Key_Presses"/>
</testsuite> <!-- com.the_internet_herokuapp.testcase.Key_Presses -->
