<?xml version="1.0" encoding="UTF-8"?>
<!-- Generated by org.testng.reporters.JUnitReportReporter -->
<testsuite skipped="0" hostname="ARANJAN-LTW7" name="com.testng.feature.TestGroupDemo" tests="1" failures="0" timestamp="13 May 2018 16:18:26 GMT" time="0.001" errors="0">
  <testcase name="login" time="0.001" classname="com.testng.feature.TestGroupDemo"/>
</testsuite> <!-- com.testng.feature.TestGroupDemo -->
