<?xml version="1.0" encoding="UTF-8"?>
<!-- Generated by org.testng.reporters.JUnitReportReporter -->
<testsuite skipped="0" hostname="ARANJAN-LTW7" name="com.testcase.alertbox.Alertpopup" tests="1" failures="0" timestamp="10 Jun 2018 15:59:34 GMT" time="9.985" errors="0">
  <testcase name="f" time="9.985" classname="com.testcase.alertbox.Alertpopup"/>
</testsuite> <!-- com.testcase.alertbox.Alertpopup -->
