<?xml version="1.0" encoding="UTF-8"?>
<!-- Generated by org.testng.reporters.JUnitReportReporter -->
<testsuite skipped="0" hostname="ARANJAN-LTW7" name="com.commands.MultipleTabHandles" tests="1" failures="0" timestamp="16 May 2018 09:13:04 GMT" time="11.055" errors="0">
  <testcase name="f" time="11.055" classname="com.commands.MultipleTabHandles"/>
</testsuite> <!-- com.commands.MultipleTabHandles -->
