<?xml version="1.0" encoding="UTF-8"?>
<!-- Generated by org.testng.reporters.JUnitReportReporter -->
<testsuite skipped="0" hostname="ARANJAN-LTW7" name="com.testcase.all.FrameHandel" tests="1" failures="0" timestamp="09 Apr 2018 09:10:59 GMT" time="15.703" errors="0">
  <testcase name="f" time="15.703" classname="com.testcase.all.FrameHandel"/>
</testsuite> <!-- com.testcase.all.FrameHandel -->
