<?xml version="1.0" encoding="UTF-8"?>
<!-- Generated by org.testng.reporters.JUnitReportReporter -->
<testsuite skipped="0" hostname="ARANJAN-LTW7" name="com.testcase.all.FrameHandel" tests="1" failures="0" timestamp="09 May 2018 04:50:07 GMT" time="24.627" errors="0">
  <testcase name="f" time="24.627" classname="com.testcase.all.FrameHandel"/>
</testsuite> <!-- com.testcase.all.FrameHandel -->
