<?xml version="1.0" encoding="UTF-8"?>
<!-- Generated by org.testng.reporters.JUnitReportReporter -->
<testsuite skipped="0" hostname="ARANJAN-LTW7" name="com.testng.feature.ParallelTestRun" tests="3" failures="0" timestamp="27 May 2018 05:53:22 GMT" time="95.186" errors="0">
  <testcase name="getFirefox" time="16.680" classname="com.testng.feature.ParallelTestRun"/>
  <testcase name="getIE" time="61.842" classname="com.testng.feature.ParallelTestRun"/>
  <testcase name="getChorme" time="16.664" classname="com.testng.feature.ParallelTestRun"/>
</testsuite> <!-- com.testng.feature.ParallelTestRun -->
