<?xml version="1.0" encoding="UTF-8"?>
<!-- Generated by org.testng.reporters.JUnitReportReporter -->
<testsuite skipped="0" hostname="ARANJAN-LTW7" name="com.the_internet_herokuapp.testcase.Secure_File_Download" tests="1" failures="0" timestamp="31 Mar 2018 19:37:31 GMT" time="8.644" errors="0">
  <testcase name="f" time="8.644" classname="com.the_internet_herokuapp.testcase.Secure_File_Download"/>
</testsuite> <!-- com.the_internet_herokuapp.testcase.Secure_File_Download -->
