<?xml version="1.0" encoding="UTF-8"?>
<!-- Generated by org.testng.reporters.JUnitReportReporter -->
<testsuite skipped="0" hostname="ARANJAN-LTW7" name="com.testng.feature.dependentTestSuccess" tests="2" failures="0" timestamp="29 May 2018 05:45:13 GMT" time="0.022" errors="0">
  <testcase name="method1" time="0.021" classname="com.testng.feature.dependentTestSuccess"/>
  <testcase name="method2" time="0.001" classname="com.testng.feature.dependentTestSuccess"/>
</testsuite> <!-- com.testng.feature.dependentTestSuccess -->
