<?xml version="1.0" encoding="UTF-8"?>
<!-- Generated by org.testng.reporters.JUnitReportReporter -->
<testsuite skipped="0" hostname="ARANJAN-LTW7" name="com.the_internet_herokuapp.testcase.Context_Menu" tests="1" failures="0" timestamp="30 Apr 2018 07:34:06 GMT" time="7.677" errors="0">
  <testcase name="f" time="7.677" classname="com.the_internet_herokuapp.testcase.Context_Menu"/>
</testsuite> <!-- com.the_internet_herokuapp.testcase.Context_Menu -->
