<?xml version="1.0" encoding="UTF-8"?>
<!-- Generated by org.testng.reporters.JUnitReportReporter -->
<testsuite skipped="0" hostname="ARANJAN-LTW7" name="com.testcase.all.ProgressBar" tests="1" failures="0" timestamp="09 Jun 2018 17:13:16 GMT" time="36.796" errors="0">
  <testcase name="f" time="36.796" classname="com.testcase.all.ProgressBar"/>
</testsuite> <!-- com.testcase.all.ProgressBar -->
