<?xml version="1.0" encoding="UTF-8"?>
<!-- Generated by org.testng.reporters.JUnitReportReporter -->
<testsuite skipped="0" hostname="ARANJAN-LTW7" name="com.testng.feature.PrioritiesTestCase" tests="3" failures="0" timestamp="02 Jun 2018 17:16:58 GMT" time="0.019" errors="0">
  <testcase name="testMethodB" time="0.017" classname="com.testng.feature.PrioritiesTestCase"/>
  <testcase name="testMethodA" time="0.001" classname="com.testng.feature.PrioritiesTestCase"/>
  <testcase name="testMethodC" time="0.001" classname="com.testng.feature.PrioritiesTestCase"/>
</testsuite> <!-- com.testng.feature.PrioritiesTestCase -->
