<?xml version="1.0" encoding="UTF-8"?>
<!-- Generated by org.testng.reporters.JUnitReportReporter -->
<testsuite skipped="0" hostname="ARANJAN-LTW7" name="com.the_internet_herokuapp.testcase.Disappearing_Elements" tests="1" failures="0" timestamp="30 Apr 2018 07:34:06 GMT" time="3.658" errors="0">
  <testcase name="f" time="3.658" classname="com.the_internet_herokuapp.testcase.Disappearing_Elements"/>
</testsuite> <!-- com.the_internet_herokuapp.testcase.Disappearing_Elements -->
