<?xml version="1.0" encoding="UTF-8"?>
<!-- Generated by org.testng.reporters.JUnitReportReporter -->
<testsuite skipped="0" hostname="ARANJAN-LTW7" name="com.testcase.all.ToolTip" tests="2" failures="0" timestamp="30 Apr 2018 06:40:57 GMT" time="8.264" errors="0">
  <testcase name="h" time="4.218" classname="com.testcase.all.ToolTip"/>
  <testcase name="f" time="4.046" classname="com.testcase.all.ToolTip"/>
</testsuite> <!-- com.testcase.all.ToolTip -->
