<?xml version="1.0" encoding="UTF-8"?>
<!-- Generated by org.testng.reporters.JUnitReportReporter -->
<testsuite skipped="0" hostname="ARANJAN-LTW7" name="com.commands.WindowHandel" tests="1" failures="0" timestamp="29 Apr 2018 09:11:19 GMT" time="15.991" errors="0">
  <testcase name="f" time="15.991" classname="com.commands.WindowHandel"/>
</testsuite> <!-- com.commands.WindowHandel -->
