<?xml version="1.0" encoding="UTF-8"?>
<!-- Generated by org.testng.reporters.JUnitReportReporter -->
<testsuite skipped="0" hostname="ARANJAN-LTW7" name="com.testng.feature.GroupTest" tests="2" failures="0" timestamp="13 May 2018 16:18:26 GMT" time="0.009" errors="0">
  <testcase name="f1" time="0.001" classname="com.testng.feature.GroupTest"/>
  <testcase name="f" time="0.008" classname="com.testng.feature.GroupTest"/>
</testsuite> <!-- com.testng.feature.GroupTest -->
