<?xml version="1.0" encoding="UTF-8"?>
<!-- Generated by org.testng.reporters.JUnitReportReporter -->
<testsuite skipped="0" hostname="ARANJAN-LTW7" name="com.the_internet_herokuapp.testcase.CheckBoxes" tests="1" failures="0" timestamp="27 Jun 2018 08:38:58 GMT" time="2.154" errors="0">
  <testcase name="checkbox" time="2.154" classname="com.the_internet_herokuapp.testcase.CheckBoxes"/>
</testsuite> <!-- com.the_internet_herokuapp.testcase.CheckBoxes -->
