<?xml version="1.0" encoding="UTF-8"?>
<!-- Generated by org.testng.reporters.JUnitReportReporter -->
<testsuite skipped="0" hostname="ARANJAN-LTW7" name="com.the_internet_herokuapp.testcase.File_Upload" tests="1" failures="0" timestamp="04 Jul 2018 13:37:49 GMT" time="19.891" errors="0">
  <testcase name="f" time="19.891" classname="com.the_internet_herokuapp.testcase.File_Upload"/>
</testsuite> <!-- com.the_internet_herokuapp.testcase.File_Upload -->
