<?xml version="1.0" encoding="UTF-8"?>
<!-- Generated by org.testng.reporters.JUnitReportReporter -->
<testsuite skipped="0" hostname="ARANJAN-LTW7" name="com.testcase.all.LoadingDataHandle" tests="1" failures="0" timestamp="01 Jun 2018 09:32:55 GMT" time="24.174" errors="0">
  <testcase name="f" time="24.174" classname="com.testcase.all.LoadingDataHandle"/>
</testsuite> <!-- com.testcase.all.LoadingDataHandle -->
