<?xml version="1.0" encoding="UTF-8"?>
<!-- Generated by org.testng.reporters.JUnitReportReporter -->
<testsuite skipped="0" hostname="ARANJAN-LTW7" name="com.testcase.all.ProgressBar" tests="1" failures="0" timestamp="02 Jun 2018 16:54:31 GMT" time="32.326" errors="0">
  <testcase name="f" time="32.326" classname="com.testcase.all.ProgressBar"/>
</testsuite> <!-- com.testcase.all.ProgressBar -->
