<?xml version="1.0" encoding="UTF-8"?>
<!-- Generated by org.testng.reporters.JUnitReportReporter -->
<testsuite skipped="0" hostname="ARANJAN-LTW7" name="com.testcase.all.TablEHandle" tests="1" failures="0" timestamp="28 May 2018 08:12:42 GMT" time="24.023" errors="0">
  <testcase name="f" time="24.023" classname="com.testcase.all.TablEHandle"/>
</testsuite> <!-- com.testcase.all.TablEHandle -->
