<?xml version="1.0" encoding="UTF-8"?>
<!-- Generated by org.testng.reporters.JUnitReportReporter -->
<testsuite skipped="0" hostname="ARANJAN-LTW7" name="com.the_internet_herokuapp.testcase.File_Download" tests="1" failures="0" timestamp="08 May 2018 15:05:06 GMT" time="9.957" errors="0">
  <testcase name="f" time="9.957" classname="com.the_internet_herokuapp.testcase.File_Download"/>
</testsuite> <!-- com.the_internet_herokuapp.testcase.File_Download -->
