<?xml version="1.0" encoding="UTF-8"?>
<!-- Generated by org.testng.reporters.JUnitReportReporter -->
<testsuite skipped="0" hostname="ARANJAN-LTW7" name="com.testcase.alertbox.PromtBOX" tests="1" failures="0" timestamp="09 May 2018 04:39:17 GMT" time="16.744" errors="0">
  <testcase name="f" time="16.744" classname="com.testcase.alertbox.PromtBOX"/>
</testsuite> <!-- com.testcase.alertbox.PromtBOX -->
