<?xml version="1.0" encoding="UTF-8"?>
<!-- Generated by org.testng.reporters.JUnitReportReporter -->
<testsuite skipped="0" hostname="ARANJAN-LTW7" name="com.loggingReporting.log4j.LoggingWithReporter" tests="1" failures="0" timestamp="11 Apr 2018 07:16:09 GMT" time="17.153" errors="0">
  <testcase name="f" time="17.153" classname="com.loggingReporting.log4j.LoggingWithReporter"/>
</testsuite> <!-- com.loggingReporting.log4j.LoggingWithReporter -->
