<?xml version="1.0" encoding="UTF-8"?>
<!-- Generated by org.testng.reporters.JUnitReportReporter -->
<testsuite skipped="0" hostname="ARANJAN-LTW7" name="com.testcase.alertbox.PromtBOX" tests="1" failures="0" timestamp="09 Apr 2018 08:56:14 GMT" time="16.500" errors="0">
  <testcase name="f" time="16.500" classname="com.testcase.alertbox.PromtBOX"/>
</testsuite> <!-- com.testcase.alertbox.PromtBOX -->
