<?xml version="1.0" encoding="UTF-8"?>
<!-- Generated by org.testng.reporters.JUnitReportReporter -->
<testsuite skipped="2" hostname="ARANJAN-LTW7" name="com.testcase.all.SkipTestCase" tests="2" failures="0" timestamp="24 May 2018 10:25:16 GMT" time="0.002" errors="0">
  <testcase name="testCaseSkipException" time="0.002" classname="com.testcase.all.SkipTestCase">
    <skipped/>
  </testcase> <!-- testCaseSkipException -->
  <testcase name="show" classname="com.testcase.all.SkipTestCase">
    <skipped/>
  </testcase> <!-- show -->
</testsuite> <!-- com.testcase.all.SkipTestCase -->
