<?xml version="1.0" encoding="UTF-8"?>
<!-- Generated by org.testng.reporters.JUnitReportReporter -->
<testsuite skipped="0" hostname="ARANJAN-LTW7" name="com.testcase.alertbox.Alertpopup" tests="1" failures="0" timestamp="09 Apr 2018 08:51:46 GMT" time="10.196" errors="0">
  <testcase name="f" time="10.196" classname="com.testcase.alertbox.Alertpopup"/>
</testsuite> <!-- com.testcase.alertbox.Alertpopup -->
