<?xml version="1.0" encoding="UTF-8"?>
<!-- Generated by org.testng.reporters.JUnitReportReporter -->
<testsuite skipped="0" hostname="ARANJAN-LTW7" name="com.the_internet_herokuapp.testcase.Exit_Intent" tests="1" failures="0" timestamp="01 Apr 2018 16:18:52 GMT" time="6.967" errors="0">
  <testcase name="f" time="6.967" classname="com.the_internet_herokuapp.testcase.Exit_Intent"/>
</testsuite> <!-- com.the_internet_herokuapp.testcase.Exit_Intent -->
