<?xml version="1.0" encoding="UTF-8"?>
<!-- Generated by org.testng.reporters.JUnitReportReporter -->
<testsuite skipped="0" hostname="SW-LP03686" name="com.the_internet_herokuapp.testcase.CheckBoxes" tests="1" failures="0" timestamp="21 Oct 2018 12:05:56 GMT" time="1.688" errors="0">
  <testcase name="checkbox" time="1.688" classname="com.the_internet_herokuapp.testcase.CheckBoxes"/>
</testsuite> <!-- com.the_internet_herokuapp.testcase.CheckBoxes -->
