<?xml version="1.0" encoding="UTF-8"?>
<!-- Generated by org.testng.reporters.JUnitReportReporter -->
<testsuite skipped="0" hostname="ARANJAN-LTW7" name="com.testcase.all.ParameterPassFromtestng_xmlFile" tests="2" failures="0" timestamp="15 Mar 2018 04:44:52 GMT" time="0.009" errors="0">
  <testcase name="testCaseOne" time="0.008" classname="com.testcase.all.ParameterPassFromtestng_xmlFile"/>
  <testcase name="testCaseTwo" time="0.001" classname="com.testcase.all.ParameterPassFromtestng_xmlFile"/>
</testsuite> <!-- com.testcase.all.ParameterPassFromtestng_xmlFile -->
