<?xml version="1.0" encoding="UTF-8"?>
<!-- Generated by org.testng.reporters.JUnitReportReporter -->
<testsuite skipped="0" hostname="ARANJAN-LTW7" name="com.the_internet_herokuapp.testcase.File_Upload" tests="1" failures="0" timestamp="13 Apr 2018 09:36:04 GMT" time="29.450" errors="0">
  <testcase name="f" time="29.450" classname="com.the_internet_herokuapp.testcase.File_Upload"/>
</testsuite> <!-- com.the_internet_herokuapp.testcase.File_Upload -->
