<?xml version="1.0" encoding="UTF-8"?>
<!-- Generated by org.testng.reporters.JUnitReportReporter -->
<testsuite skipped="0" hostname="ARANJAN-LTW7" name="com.commands.MultipleTabHandles" tests="1" failures="0" timestamp="12 May 2018 16:33:34 GMT" time="6.739" errors="0">
  <testcase name="f" time="6.739" classname="com.commands.MultipleTabHandles"/>
</testsuite> <!-- com.commands.MultipleTabHandles -->
