<?xml version="1.0" encoding="UTF-8"?>
<!-- Generated by org.testng.reporters.JUnitReportReporter -->
<testsuite skipped="0" hostname="ARANJAN-LTW7" name="com.testcase.alertbox.Alertpopup" tests="1" failures="0" timestamp="16 May 2018 06:43:17 GMT" time="10.397" errors="0">
  <testcase name="f" time="10.397" classname="com.testcase.alertbox.Alertpopup"/>
</testsuite> <!-- com.testcase.alertbox.Alertpopup -->
