<?xml version="1.0" encoding="UTF-8"?>
<!-- Generated by org.testng.reporters.JUnitReportReporter -->
<testsuite skipped="0" hostname="ARANJAN-LTW7" name="com.testcase.all.TablEHandle" tests="1" failures="0" timestamp="08 Apr 2018 16:50:11 GMT" time="44.976" errors="0">
  <testcase name="f" time="44.976" classname="com.testcase.all.TablEHandle"/>
</testsuite> <!-- com.testcase.all.TablEHandle -->
