<?xml version="1.0" encoding="UTF-8"?>
<!-- Generated by org.testng.reporters.JUnitReportReporter -->
<testsuite skipped="0" hostname="ARANJAN-LTW7" name="com.the_internet_herokuapp.testcase.Basic_Auth" tests="1" failures="0" timestamp="14 May 2018 06:06:04 GMT" time="5.771" errors="0">
  <testcase name="f" time="5.771" classname="com.the_internet_herokuapp.testcase.Basic_Auth"/>
</testsuite> <!-- com.the_internet_herokuapp.testcase.Basic_Auth -->
