<?xml version="1.0" encoding="UTF-8"?>
<!-- Generated by org.testng.reporters.JUnitReportReporter -->
<testsuite skipped="0" hostname="SW-LP03686" name="com.the_internet_herokuapp.testcase.Form_Authentication" tests="1" failures="0" timestamp="21 Oct 2018 12:05:56 GMT" time="8.226" errors="0">
  <testcase name="valid" time="8.226" classname="com.the_internet_herokuapp.testcase.Form_Authentication"/>
</testsuite> <!-- com.the_internet_herokuapp.testcase.Form_Authentication -->
