<?xml version="1.0" encoding="UTF-8"?>
<!-- Generated by org.testng.reporters.JUnitReportReporter -->
<testsuite skipped="0" hostname="ARANJAN-LTW7" name="com.db.ProcessDbCall" tests="1" failures="0" timestamp="08 May 2018 10:24:34 GMT" time="3.853" errors="0">
  <testcase name="f" time="3.853" classname="com.db.ProcessDbCall"/>
</testsuite> <!-- com.db.ProcessDbCall -->
