<?xml version="1.0" encoding="UTF-8"?>
<!-- Generated by org.testng.reporters.JUnitReportReporter -->
<testsuite skipped="0" hostname="ARANJAN-LTW7" name="com.testcase.all.Coviam_Assignment" tests="1" failures="0" timestamp="06 Jun 2018 12:50:42 GMT" time="25.981" errors="0">
  <testcase name="f" time="25.981" classname="com.testcase.all.Coviam_Assignment"/>
</testsuite> <!-- com.testcase.all.Coviam_Assignment -->
