<?xml version="1.0" encoding="UTF-8"?>
<!-- Generated by org.testng.reporters.JUnitReportReporter -->
<testsuite skipped="0" hostname="ARANJAN-LTW7" name="com.the_internet_herokuapp.testcase.Multiple_Windows" tests="1" failures="0" timestamp="30 Mar 2018 05:16:28 GMT" time="5.042" errors="0">
  <testcase name="f" time="5.042" classname="com.the_internet_herokuapp.testcase.Multiple_Windows"/>
</testsuite> <!-- com.the_internet_herokuapp.testcase.Multiple_Windows -->
