<?xml version="1.0" encoding="UTF-8"?>
<!-- Generated by org.testng.reporters.JUnitReportReporter -->
<testsuite skipped="0" hostname="ARANJAN-LTW7" name="com.testcase.all.SSLExample" tests="1" failures="0" timestamp="17 Apr 2018 11:02:10 GMT" time="4.258" errors="0">
  <testcase name="openApplication" time="4.258" classname="com.testcase.all.SSLExample"/>
</testsuite> <!-- com.testcase.all.SSLExample -->
