<?xml version="1.0" encoding="UTF-8"?>
<!-- Generated by org.testng.reporters.JUnitReportReporter -->
<testsuite skipped="0" hostname="ARANJAN-LTW7" name="com.testcase.alertbox.ConfirmationBox" tests="1" failures="0" timestamp="11 Mar 2018 08:39:51 GMT" time="7.561" errors="0">
  <testcase name="f" time="7.561" classname="com.testcase.alertbox.ConfirmationBox"/>
</testsuite> <!-- com.testcase.alertbox.ConfirmationBox -->
