<?xml version="1.0" encoding="UTF-8"?>
<!-- Generated by org.testng.reporters.JUnitReportReporter -->
<testsuite skipped="0" hostname="ARANJAN-LTW7" name="com.the_internet_herokuapp.testcase.DropDown_List" tests="1" failures="0" timestamp="08 May 2018 15:01:45 GMT" time="6.441" errors="0">
  <testcase name="f" time="6.441" classname="com.the_internet_herokuapp.testcase.DropDown_List"/>
</testsuite> <!-- com.the_internet_herokuapp.testcase.DropDown_List -->
