<?xml version="1.0" encoding="UTF-8"?>
<!-- Generated by org.testng.reporters.JUnitReportReporter -->
<testsuite skipped="0" hostname="ARANJAN-LTW7" name="com.the_internet_herokuapp.testcase.BrokenImages" tests="1" failures="0" timestamp="03 Jul 2018 17:21:07 GMT" time="6.435" errors="0">
  <testcase name="f" time="6.435" classname="com.the_internet_herokuapp.testcase.BrokenImages"/>
</testsuite> <!-- com.the_internet_herokuapp.testcase.BrokenImages -->
