<?xml version="1.0" encoding="UTF-8"?>
<!-- Generated by org.testng.reporters.JUnitReportReporter -->
<testsuite skipped="0" hostname="ARANJAN-LTW7" name="com.testcase.all.TablEHandle" tests="1" failures="0" timestamp="13 Jun 2018 12:16:27 GMT" time="30.781" errors="0">
  <testcase name="f" time="30.781" classname="com.testcase.all.TablEHandle"/>
</testsuite> <!-- com.testcase.all.TablEHandle -->
