<?xml version="1.0" encoding="UTF-8"?>
<!-- Generated by org.testng.reporters.JUnitReportReporter -->
<testsuite skipped="0" hostname="ARANJAN-LTW7" name="com.the_internet_herokuapp.testcase.Dynamic_Content" tests="1" failures="0" timestamp="29 May 2018 06:19:01 GMT" time="1.278" errors="0">
  <testcase name="f" time="1.278" classname="com.the_internet_herokuapp.testcase.Dynamic_Content"/>
</testsuite> <!-- com.the_internet_herokuapp.testcase.Dynamic_Content -->
