<?xml version="1.0" encoding="UTF-8"?>
<!-- Generated by org.testng.reporters.JUnitReportReporter -->
<testsuite skipped="0" hostname="ARANJAN-LTW7" name="com.the_internet_herokuapp.testcase.JavaScript_Alerts" tests="1" failures="0" timestamp="09 Apr 2018 08:58:37 GMT" time="21.133" errors="0">
  <testcase name="f" time="21.133" classname="com.the_internet_herokuapp.testcase.JavaScript_Alerts"/>
</testsuite> <!-- com.the_internet_herokuapp.testcase.JavaScript_Alerts -->
