<?xml version="1.0" encoding="UTF-8"?>
<!-- Generated by org.testng.reporters.JUnitReportReporter -->
<testsuite skipped="0" hostname="ARANJAN-LTW7" name="com.testcase.all.ParallelTestRun" tests="2" failures="0" timestamp="14 May 2018 05:17:07 GMT" time="27.877" errors="0">
  <testcase name="getFirefox" time="13.963" classname="com.testcase.all.ParallelTestRun"/>
  <testcase name="getChorme" time="13.914" classname="com.testcase.all.ParallelTestRun"/>
</testsuite> <!-- com.testcase.all.ParallelTestRun -->
