<?xml version="1.0" encoding="UTF-8"?>
<!-- Generated by org.testng.reporters.JUnitReportReporter -->
<testsuite skipped="2" hostname="ARANJAN-LTW7" name="com.testcase.all.EnableDisbleSkipTest" tests="2" failures="0" timestamp="11 Mar 2018 08:45:45 GMT" time="0.013" errors="0">
  <testcase name="testCaseSkipException" time="0.013" classname="com.testcase.all.EnableDisbleSkipTest">
    <skipped/>
  </testcase> <!-- testCaseSkipException -->
  <testcase name="show" classname="com.testcase.all.EnableDisbleSkipTest">
    <skipped/>
  </testcase> <!-- show -->
</testsuite> <!-- com.testcase.all.EnableDisbleSkipTest -->
