<?xml version="1.0" encoding="UTF-8"?>
<!-- Generated by org.testng.reporters.JUnitReportReporter -->
<testsuite skipped="0" hostname="ARANJAN-LTW7" name="com.the_internet_herokuapp.testcase.Key_Presses" tests="1" failures="0" timestamp="08 May 2018 15:06:46 GMT" time="7.537" errors="0">
  <testcase name="f" time="7.537" classname="com.the_internet_herokuapp.testcase.Key_Presses"/>
</testsuite> <!-- com.the_internet_herokuapp.testcase.Key_Presses -->
