<?xml version="1.0" encoding="UTF-8"?>
<!-- Generated by org.testng.reporters.JUnitReportReporter -->
<testsuite skipped="0" hostname="ARANJAN-LTW7" name="com.framework.datadriven.DataProviderOtherClass" tests="2" failures="0" timestamp="18 Apr 2018 05:18:15 GMT" time="0.010" errors="0">
  <testcase name="TestLogin" time="0.001" classname="com.framework.datadriven.DataProviderOtherClass"/>
  <testcase name="TestLogin" time="0.009" classname="com.framework.datadriven.DataProviderOtherClass"/>
</testsuite> <!-- com.framework.datadriven.DataProviderOtherClass -->
