<?xml version="1.0" encoding="UTF-8"?>
<!-- Generated by org.testng.reporters.JUnitReportReporter -->
<testsuite skipped="0" hostname="ARANJAN-LTW7" name="com.the_internet_herokuapp.testcase.File_Download" tests="1" failures="0" timestamp="23 Jun 2018 10:53:45 GMT" time="10.386" errors="0">
  <testcase name="f" time="10.386" classname="com.the_internet_herokuapp.testcase.File_Download"/>
</testsuite> <!-- com.the_internet_herokuapp.testcase.File_Download -->
