<?xml version="1.0" encoding="UTF-8"?>
<!-- Generated by org.testng.reporters.JUnitReportReporter -->
<testsuite skipped="0" hostname="ARANJAN-LTW7" name="com.the_internet_herokuapp.testcase.File_Upload" tests="1" failures="0" timestamp="25 May 2018 07:26:46 GMT" time="30.315" errors="0">
  <testcase name="f" time="30.315" classname="com.the_internet_herokuapp.testcase.File_Upload"/>
</testsuite> <!-- com.the_internet_herokuapp.testcase.File_Upload -->
