<?xml version="1.0" encoding="UTF-8"?>
<!-- Generated by org.testng.reporters.JUnitReportReporter -->
<testsuite skipped="0" hostname="ARANJAN-LTW7" name="com.the_internet_herokuapp.testcase.Basic_Auth" tests="1" failures="0" timestamp="25 May 2018 07:26:46 GMT" time="5.921" errors="0">
  <testcase name="f" time="5.921" classname="com.the_internet_herokuapp.testcase.Basic_Auth"/>
</testsuite> <!-- com.the_internet_herokuapp.testcase.Basic_Auth -->
