<?xml version="1.0" encoding="UTF-8"?>
<!-- Generated by org.testng.reporters.JUnitReportReporter -->
<testsuite skipped="0" hostname="ARANJAN-LTW7" name="com.the_internet_herokuapp.testcase.File_Download" tests="1" failures="0" timestamp="16 Apr 2018 10:11:35 GMT" time="9.996" errors="0">
  <testcase name="f" time="9.996" classname="com.the_internet_herokuapp.testcase.File_Download"/>
</testsuite> <!-- com.the_internet_herokuapp.testcase.File_Download -->
