<?xml version="1.0" encoding="UTF-8"?>
<!-- Generated by org.testng.reporters.JUnitReportReporter -->
<testsuite skipped="0" hostname="ARANJAN-LTW7" name="com.designpattern.TestCasePageFactory" tests="1" failures="0" timestamp="29 May 2018 15:06:31 GMT" time="4.157" errors="0">
  <testcase name="testCase" time="4.157" classname="com.designpattern.TestCasePageFactory"/>
</testsuite> <!-- com.designpattern.TestCasePageFactory -->
