<?xml version="1.0" encoding="UTF-8"?>
<!-- Generated by org.testng.reporters.JUnitReportReporter -->
<testsuite skipped="0" hostname="ARANJAN-LTW7" name="com.the_internet_herokuapp.testcase.Hover" tests="1" failures="0" timestamp="29 Mar 2018 06:46:39 GMT" time="8.777" errors="0">
  <testcase name="f" time="8.777" classname="com.the_internet_herokuapp.testcase.Hover"/>
</testsuite> <!-- com.the_internet_herokuapp.testcase.Hover -->
