<?xml version="1.0" encoding="UTF-8"?>
<!-- Generated by org.testng.reporters.JUnitReportReporter -->
<testsuite skipped="0" hostname="SW-LP03686" name="com.the_internet_herokuapp.testcase.Basic_Auth" tests="1" failures="0" timestamp="21 Oct 2018 07:31:10 GMT" time="5.995" errors="0">
  <testcase name="f" time="5.995" classname="com.the_internet_herokuapp.testcase.Basic_Auth"/>
</testsuite> <!-- com.the_internet_herokuapp.testcase.Basic_Auth -->
