<?xml version="1.0" encoding="UTF-8"?>
<!-- Generated by org.testng.reporters.JUnitReportReporter -->
<testsuite skipped="0" hostname="ARANJAN-LTW7" name="com.testcase.all.BaseClass" tests="1" failures="0" timestamp="14 Mar 2018 16:49:13 GMT" time="0.012" errors="0">
  <testcase name="show" time="0.012" classname="com.testcase.all.BaseClass"/>
</testsuite> <!-- com.testcase.all.BaseClass -->
