<?xml version="1.0" encoding="UTF-8"?>
<!-- Generated by org.testng.reporters.JUnitReportReporter -->
<testsuite skipped="2" hostname="ARANJAN-LTW7" name="com.testng.feature.SkipTestCase" tests="2" failures="0" timestamp="02 Jun 2018 17:27:37 GMT" time="0.009" errors="0">
  <testcase name="testCaseSkipException" time="0.009" classname="com.testng.feature.SkipTestCase">
    <skipped/>
  </testcase> <!-- testCaseSkipException -->
  <testcase name="show" classname="com.testng.feature.SkipTestCase">
    <skipped/>
  </testcase> <!-- show -->
</testsuite> <!-- com.testng.feature.SkipTestCase -->
