<?xml version="1.0" encoding="UTF-8"?>
<!-- Generated by org.testng.reporters.JUnitReportReporter -->
<testsuite skipped="0" hostname="ARANJAN-LTW7" name="com.the_internet_herokuapp.testcase.Notification_Messages" tests="1" failures="0" timestamp="31 Mar 2018 17:04:27 GMT" time="0.988" errors="0">
  <testcase name="f" time="0.988" classname="com.the_internet_herokuapp.testcase.Notification_Messages"/>
</testsuite> <!-- com.the_internet_herokuapp.testcase.Notification_Messages -->
