<?xml version="1.0" encoding="UTF-8"?>
<!-- Generated by org.testng.reporters.JUnitReportReporter -->
<testsuite skipped="0" hostname="ARANJAN-LTW7" name="com.the_internet_herokuapp.testcase.Forgot_Password" tests="1" failures="0" timestamp="30 Mar 2018 06:42:01 GMT" time="11.830" errors="0">
  <testcase name="f" time="11.830" classname="com.the_internet_herokuapp.testcase.Forgot_Password"/>
</testsuite> <!-- com.the_internet_herokuapp.testcase.Forgot_Password -->
